[2025-04-04 19:19:08.626] [BSTBox] [debug] Starting program ...
[2025-04-04 19:19:11.211] [BSTBox] [debug] Action selected: c
[2025-04-04 19:19:12.517] [BSTBox] [debug] Randomized value -245
[2025-04-04 19:19:12.517] [BSTBox] [debug] Randomized value 86
[2025-04-04 19:19:12.517] [BSTBox] [debug] Randomized value 465
[2025-04-04 19:19:12.517] [BSTBox] [debug] Randomized value -442
[2025-04-04 19:19:12.517] [BSTBox] [debug] Randomized value 223
[2025-04-04 19:19:12.517] [BSTBox] [debug] Balancing at node -245:
[2025-04-04 19:19:12.517] [BSTBox] [debug]     left: 0
[2025-04-04 19:19:12.517] [BSTBox] [debug]     right: 2
[2025-04-04 19:19:12.517] [BSTBox] [debug] Rotating left at node -245
[2025-04-04 19:19:12.518] [BSTBox] [debug] Measured node -442:
[2025-04-04 19:19:12.518] [BSTBox] [debug]     Width: 11
[2025-04-04 19:19:12.518] [BSTBox] [debug]     Height: 3
[2025-04-04 19:19:12.518] [BSTBox] [debug]     Box width: 7
[2025-04-04 19:19:12.518] [BSTBox] [debug]     Box X: 2
[2025-04-04 19:19:12.518] [BSTBox] [debug]     Value width: 5
[2025-04-04 19:19:12.518] [BSTBox] [debug]     Value string: -442
[2025-04-04 19:19:12.518] [BSTBox] [debug]     Left width: 0
[2025-04-04 19:19:12.518] [BSTBox] [debug]     Right width: 0
[2025-04-04 19:19:12.518] [BSTBox] [debug] Measured node -245:
[2025-04-04 19:19:12.518] [BSTBox] [debug]     Width: 17
[2025-04-04 19:19:12.518] [BSTBox] [debug]     Height: 6
[2025-04-04 19:19:12.518] [BSTBox] [debug]     Box width: 7
[2025-04-04 19:19:12.518] [BSTBox] [debug]     Box X: 8
[2025-04-04 19:19:12.518] [BSTBox] [debug]     Value width: 5
[2025-04-04 19:19:12.518] [BSTBox] [debug]     Value string: -245
[2025-04-04 19:19:12.518] [BSTBox] [debug]     Left width: 11
[2025-04-04 19:19:12.518] [BSTBox] [debug]     Right width: 0
[2025-04-04 19:19:12.518] [BSTBox] [debug] Measured node 223:
[2025-04-04 19:19:12.518] [BSTBox] [debug]     Width: 11
[2025-04-04 19:19:12.518] [BSTBox] [debug]     Height: 3
[2025-04-04 19:19:12.518] [BSTBox] [debug]     Box width: 5
[2025-04-04 19:19:12.518] [BSTBox] [debug]     Box X: 3
[2025-04-04 19:19:12.518] [BSTBox] [debug]     Value width: 3
[2025-04-04 19:19:12.518] [BSTBox] [debug]     Value string: 223
[2025-04-04 19:19:12.518] [BSTBox] [debug]     Left width: 0
[2025-04-04 19:19:12.518] [BSTBox] [debug]     Right width: 0
[2025-04-04 19:19:12.518] [BSTBox] [debug] Measured node 465:
[2025-04-04 19:19:12.518] [BSTBox] [debug]     Width: 17
[2025-04-04 19:19:12.518] [BSTBox] [debug]     Height: 6
[2025-04-04 19:19:12.518] [BSTBox] [debug]     Box width: 5
[2025-04-04 19:19:12.518] [BSTBox] [debug]     Box X: 9
[2025-04-04 19:19:12.518] [BSTBox] [debug]     Value width: 3
[2025-04-04 19:19:12.518] [BSTBox] [debug]     Value string: 465
[2025-04-04 19:19:12.518] [BSTBox] [debug]     Left width: 11
[2025-04-04 19:19:12.518] [BSTBox] [debug]     Right width: 0
[2025-04-04 19:19:12.518] [BSTBox] [debug] Measured node 86:
[2025-04-04 19:19:12.518] [BSTBox] [debug]     Width: 35
[2025-04-04 19:19:12.518] [BSTBox] [debug]     Height: 9
[2025-04-04 19:19:12.518] [BSTBox] [debug]     Box width: 5
[2025-04-04 19:19:12.518] [BSTBox] [debug]     Box X: 18
[2025-04-04 19:19:12.518] [BSTBox] [debug]     Value width: 3
[2025-04-04 19:19:12.518] [BSTBox] [debug]     Value string: 86
[2025-04-04 19:19:12.518] [BSTBox] [debug]     Left width: 17
[2025-04-04 19:19:12.518] [BSTBox] [debug]     Right width: 17
[2025-04-04 19:19:12.518] [BSTBox] [debug] Buffer initialized, size: width 35, height 9
[2025-04-04 19:19:12.518] [BSTBox] [debug] Drawing box for node 86:
[2025-04-04 19:19:12.518] [BSTBox] [debug]     Box start: (18, 0)
[2025-04-04 19:19:12.518] [BSTBox] [debug]     Box end: (22, 2)
[2025-04-04 19:19:12.518] [BSTBox] [debug]     Box width: 5
[2025-04-04 19:19:12.518] [BSTBox] [debug]     Value start: 19
[2025-04-04 19:19:12.518] [BSTBox] [debug] Drawing arm for node 86:
[2025-04-04 19:19:12.518] [BSTBox] [debug]     Arm start: (17, 1)
[2025-04-04 19:19:12.518] [BSTBox] [debug]     Arm end: (11, 2)
[2025-04-04 19:19:12.518] [BSTBox] [debug] Drawing arm for node 86:
[2025-04-04 19:19:12.518] [BSTBox] [debug]     Arm start: (23, 1)
[2025-04-04 19:19:12.519] [BSTBox] [debug]     Arm end: (29, 2)
[2025-04-04 19:19:12.519] [BSTBox] [debug] Drawing box for node -245:
[2025-04-04 19:19:12.519] [BSTBox] [debug]     Box start: (8, 3)
[2025-04-04 19:19:12.519] [BSTBox] [debug]     Box end: (14, 5)
[2025-04-04 19:19:12.519] [BSTBox] [debug]     Box width: 7
[2025-04-04 19:19:12.519] [BSTBox] [debug]     Value start: 9
[2025-04-04 19:19:12.519] [BSTBox] [debug] Drawing arm for node -245:
[2025-04-04 19:19:12.519] [BSTBox] [debug]     Arm start: (7, 4)
[2025-04-04 19:19:12.519] [BSTBox] [debug]     Arm end: (5, 5)
[2025-04-04 19:19:12.519] [BSTBox] [debug] Drawing box for node -442:
[2025-04-04 19:19:12.519] [BSTBox] [debug]     Box start: (2, 6)
[2025-04-04 19:19:12.519] [BSTBox] [debug]     Box end: (8, 8)
[2025-04-04 19:19:12.519] [BSTBox] [debug]     Box width: 7
[2025-04-04 19:19:12.519] [BSTBox] [debug]     Value start: 3
[2025-04-04 19:19:12.519] [BSTBox] [debug] Drawing box for node 465:
[2025-04-04 19:19:12.519] [BSTBox] [debug]     Box start: (27, 3)
[2025-04-04 19:19:12.519] [BSTBox] [debug]     Box end: (31, 5)
[2025-04-04 19:19:12.519] [BSTBox] [debug]     Box width: 5
[2025-04-04 19:19:12.519] [BSTBox] [debug]     Value start: 28
[2025-04-04 19:19:12.519] [BSTBox] [debug] Drawing arm for node 465:
[2025-04-04 19:19:12.519] [BSTBox] [debug]     Arm start: (26, 4)
[2025-04-04 19:19:12.519] [BSTBox] [debug]     Arm end: (23, 5)
[2025-04-04 19:19:12.519] [BSTBox] [debug] Drawing box for node 223:
[2025-04-04 19:19:12.519] [BSTBox] [debug]     Box start: (21, 6)
[2025-04-04 19:19:12.519] [BSTBox] [debug]     Box end: (25, 8)
[2025-04-04 19:19:12.519] [BSTBox] [debug]     Box width: 5
[2025-04-04 19:19:12.519] [BSTBox] [debug]     Value start: 22
[2025-04-04 19:19:12.519] [BSTBox] [debug] Printing tree 86
[2025-04-04 19:19:12.519] [BSTBox] [debug] Freeing buffer memory
[2025-04-04 19:19:18.053] [BSTBox] [debug] Action selected: q
